<?xml version="1.0" encoding="UTF-8"?>
<!-- Generated by org.testng.reporters.JUnitReportReporter -->
<testsuite skipped="0" hostname="DESKTOP-3189U34" name="datadriven.TestNgDemo2" tests="1" failures="0" timestamp="2021-01-19T22:11:36 IST" time="30.609" errors="0">
  <testcase name="googleSearch3" time="30.609" classname="datadriven.TestNgDemo2"/>
  <system-out/>
</testsuite> <!-- datadriven.TestNgDemo2 -->
