<?xml version="1.0" encoding="UTF-8"?>
<!-- Generated by org.testng.reporters.JUnitReportReporter -->
<testsuite skipped="0" hostname="DESKTOP-3189U34" name="util.ExcelDataProvider" tests="3" failures="0" timestamp="2021-01-21T17:16:21 IST" time="33.981" errors="0">
  <testcase name="test1" time="27.052" classname="util.ExcelDataProvider"/>
  <system-out/>
  <testcase name="test1" time="3.718" classname="util.ExcelDataProvider"/>
  <system-out/>
  <testcase name="test1" time="3.211" classname="util.ExcelDataProvider"/>
  <system-out/>
</testsuite> <!-- util.ExcelDataProvider -->
