<?xml version="1.0" encoding="UTF-8"?>
<!-- Generated by org.testng.reporters.JUnitReportReporter -->
<testsuite skipped="0" hostname="DESKTOP-3189U34" name="datadriven.TestNgDemo" tests="1" failures="0" timestamp="2021-01-19T22:11:36 IST" time="29.501" errors="0">
  <testcase name="googleSearch" time="29.501" classname="datadriven.TestNgDemo"/>
  <system-out/>
</testsuite> <!-- datadriven.TestNgDemo -->
